生成启动时间为 2015/8/20 10:19:59。
     1>项目“C:\Users\cuijy2\Desktop\C#\程序\logDll\logDll\logDll.vcxproj”在节点 2 上(Rebuild 个目标)。
     1>ClCompile:
         D:\Program Files (x86)\Microsoft Visual Studio 12.0\VC\bin\CL.exe /c /ZI /nologo /W3 /WX- /sdl- /Od /Oy- /D WIN32 /D _DEBUG /D _CONSOLE /D _USRDLL /D LOGDLL_EXPORTS /D _WINDLL /D _UNICODE /D UNICODE /Gm /EHsc /RTC1 /MTd /GS /fp:precise /Zc:wchar_t /Zc:forScope /Yc"stdafx.h" /Fp"Debug\logDll.pch" /Fo"Debug\\" /Fd"Debug\vc120.pdb" /Gd /TC /analyze- /errorReport:prompt stdafx.cpp
         stdafx.cpp
         D:\Program Files (x86)\Microsoft Visual Studio 12.0\VC\bin\CL.exe /c /ZI /nologo /W3 /WX- /sdl- /Od /Oy- /D WIN32 /D _DEBUG /D _CONSOLE /D _USRDLL /D LOGDLL_EXPORTS /D _WINDLL /D _UNICODE /D UNICODE /Gm /EHsc /RTC1 /MTd /GS /fp:precise /Zc:wchar_t /Zc:forScope /Fo"Debug\\" /Fd"Debug\vc120.pdb" /Gd /TC /analyze- /errorReport:prompt dllmain.cpp
         dllmain.cpp
         D:\Program Files (x86)\Microsoft Visual Studio 12.0\VC\bin\CL.exe /c /ZI /nologo /W3 /WX- /sdl- /Od /Oy- /D WIN32 /D _DEBUG /D _CONSOLE /D _USRDLL /D LOGDLL_EXPORTS /D _WINDLL /D _UNICODE /D UNICODE /Gm /EHsc /RTC1 /MTd /GS /fp:precise /Zc:wchar_t /Zc:forScope /Yu"stdafx.h" /Fp"Debug\logDll.pch" /Fo"Debug\\" /Fd"Debug\vc120.pdb" /Gd /TC /analyze- /errorReport:prompt logDll.cpp logMethod.c
         logMethod.c
     1>c:\users\cuijy2\desktop\c#\程序\logdll\logdll\logmethod.c(125): warning C4996: 'strncpy': This function or variable may be unsafe. Consider using strncpy_s instead. To disable deprecation, use _CRT_SECURE_NO_WARNINGS. See online help for details.
                 d:\program files (x86)\microsoft visual studio 12.0\vc\include\string.h(195) : 参见“strncpy”的声明
     1>c:\users\cuijy2\desktop\c#\程序\logdll\logdll\logmethod.c(175): warning C4996: 'strncpy': This function or variable may be unsafe. Consider using strncpy_s instead. To disable deprecation, use _CRT_SECURE_NO_WARNINGS. See online help for details.
                 d:\program files (x86)\microsoft visual studio 12.0\vc\include\string.h(195) : 参见“strncpy”的声明
     1>c:\users\cuijy2\desktop\c#\程序\logdll\logdll\logmethod.c(190): warning C4996: 'strncpy': This function or variable may be unsafe. Consider using strncpy_s instead. To disable deprecation, use _CRT_SECURE_NO_WARNINGS. See online help for details.
                 d:\program files (x86)\microsoft visual studio 12.0\vc\include\string.h(195) : 参见“strncpy”的声明
     1>c:\users\cuijy2\desktop\c#\程序\logdll\logdll\logmethod.c(228): warning C4996: 'strncpy': This function or variable may be unsafe. Consider using strncpy_s instead. To disable deprecation, use _CRT_SECURE_NO_WARNINGS. See online help for details.
                 d:\program files (x86)\microsoft visual studio 12.0\vc\include\string.h(195) : 参见“strncpy”的声明
     1>c:\users\cuijy2\desktop\c#\程序\logdll\logdll\logmethod.c(238): warning C4996: 'strcpy': This function or variable may be unsafe. Consider using strcpy_s instead. To disable deprecation, use _CRT_SECURE_NO_WARNINGS. See online help for details.
                 d:\program files (x86)\microsoft visual studio 12.0\vc\include\string.h(112) : 参见“strcpy”的声明
     1>c:\users\cuijy2\desktop\c#\程序\logdll\logdll\logmethod.c(243): warning C4996: 'strcpy': This function or variable may be unsafe. Consider using strcpy_s instead. To disable deprecation, use _CRT_SECURE_NO_WARNINGS. See online help for details.
                 d:\program files (x86)\microsoft visual studio 12.0\vc\include\string.h(112) : 参见“strcpy”的声明
     1>c:\users\cuijy2\desktop\c#\程序\logdll\logdll\logmethod.c(287): warning C4996: 'strncpy': This function or variable may be unsafe. Consider using strncpy_s instead. To disable deprecation, use _CRT_SECURE_NO_WARNINGS. See online help for details.
                 d:\program files (x86)\microsoft visual studio 12.0\vc\include\string.h(195) : 参见“strncpy”的声明
     1>c:\users\cuijy2\desktop\c#\程序\logdll\logdll\logmethod.c(297): warning C4996: 'strcpy': This function or variable may be unsafe. Consider using strcpy_s instead. To disable deprecation, use _CRT_SECURE_NO_WARNINGS. See online help for details.
                 d:\program files (x86)\microsoft visual studio 12.0\vc\include\string.h(112) : 参见“strcpy”的声明
     1>c:\users\cuijy2\desktop\c#\程序\logdll\logdll\logmethod.c(302): warning C4996: 'strcpy': This function or variable may be unsafe. Consider using strcpy_s instead. To disable deprecation, use _CRT_SECURE_NO_WARNINGS. See online help for details.
                 d:\program files (x86)\microsoft visual studio 12.0\vc\include\string.h(112) : 参见“strcpy”的声明
     1>c:\users\cuijy2\desktop\c#\程序\logdll\logdll\logmethod.c(345): warning C4996: 'strncpy': This function or variable may be unsafe. Consider using strncpy_s instead. To disable deprecation, use _CRT_SECURE_NO_WARNINGS. See online help for details.
                 d:\program files (x86)\microsoft visual studio 12.0\vc\include\string.h(195) : 参见“strncpy”的声明
     1>c:\users\cuijy2\desktop\c#\程序\logdll\logdll\logmethod.c(358): warning C4996: 'strncpy': This function or variable may be unsafe. Consider using strncpy_s instead. To disable deprecation, use _CRT_SECURE_NO_WARNINGS. See online help for details.
                 d:\program files (x86)\microsoft visual studio 12.0\vc\include\string.h(195) : 参见“strncpy”的声明
     1>c:\users\cuijy2\desktop\c#\程序\logdll\logdll\logmethod.c(398): warning C4996: 'strncpy': This function or variable may be unsafe. Consider using strncpy_s instead. To disable deprecation, use _CRT_SECURE_NO_WARNINGS. See online help for details.
                 d:\program files (x86)\microsoft visual studio 12.0\vc\include\string.h(195) : 参见“strncpy”的声明
     1>c:\users\cuijy2\desktop\c#\程序\logdll\logdll\logmethod.c(413): warning C4996: 'strncpy': This function or variable may be unsafe. Consider using strncpy_s instead. To disable deprecation, use _CRT_SECURE_NO_WARNINGS. See online help for details.
                 d:\program files (x86)\microsoft visual studio 12.0\vc\include\string.h(195) : 参见“strncpy”的声明
     1>c:\users\cuijy2\desktop\c#\程序\logdll\logdll\logmethod.c(452): warning C4996: 'strncpy': This function or variable may be unsafe. Consider using strncpy_s instead. To disable deprecation, use _CRT_SECURE_NO_WARNINGS. See online help for details.
                 d:\program files (x86)\microsoft visual studio 12.0\vc\include\string.h(195) : 参见“strncpy”的声明
     1>c:\users\cuijy2\desktop\c#\程序\logdll\logdll\logmethod.c(467): warning C4996: 'strncpy': This function or variable may be unsafe. Consider using strncpy_s instead. To disable deprecation, use _CRT_SECURE_NO_WARNINGS. See online help for details.
                 d:\program files (x86)\microsoft visual studio 12.0\vc\include\string.h(195) : 参见“strncpy”的声明
     1>c:\users\cuijy2\desktop\c#\程序\logdll\logdll\logmethod.c(506): warning C4996: 'strncpy': This function or variable may be unsafe. Consider using strncpy_s instead. To disable deprecation, use _CRT_SECURE_NO_WARNINGS. See online help for details.
                 d:\program files (x86)\microsoft visual studio 12.0\vc\include\string.h(195) : 参见“strncpy”的声明
     1>c:\users\cuijy2\desktop\c#\程序\logdll\logdll\logmethod.c(521): warning C4996: 'strncpy': This function or variable may be unsafe. Consider using strncpy_s instead. To disable deprecation, use _CRT_SECURE_NO_WARNINGS. See online help for details.
                 d:\program files (x86)\microsoft visual studio 12.0\vc\include\string.h(195) : 参见“strncpy”的声明
     1>c:\users\cuijy2\desktop\c#\程序\logdll\logdll\logmethod.c(560): warning C4996: 'strncpy': This function or variable may be unsafe. Consider using strncpy_s instead. To disable deprecation, use _CRT_SECURE_NO_WARNINGS. See online help for details.
                 d:\program files (x86)\microsoft visual studio 12.0\vc\include\string.h(195) : 参见“strncpy”的声明
     1>c:\users\cuijy2\desktop\c#\程序\logdll\logdll\logmethod.c(580): warning C4996: 'strncpy': This function or variable may be unsafe. Consider using strncpy_s instead. To disable deprecation, use _CRT_SECURE_NO_WARNINGS. See online help for details.
                 d:\program files (x86)\microsoft visual studio 12.0\vc\include\string.h(195) : 参见“strncpy”的声明
     1>c:\users\cuijy2\desktop\c#\程序\logdll\logdll\logmethod.c(619): warning C4996: 'strncpy': This function or variable may be unsafe. Consider using strncpy_s instead. To disable deprecation, use _CRT_SECURE_NO_WARNINGS. See online help for details.
                 d:\program files (x86)\microsoft visual studio 12.0\vc\include\string.h(195) : 参见“strncpy”的声明
     1>c:\users\cuijy2\desktop\c#\程序\logdll\logdll\logmethod.c(635): warning C4996: 'strncpy': This function or variable may be unsafe. Consider using strncpy_s instead. To disable deprecation, use _CRT_SECURE_NO_WARNINGS. See online help for details.
                 d:\program files (x86)\microsoft visual studio 12.0\vc\include\string.h(195) : 参见“strncpy”的声明
     1>c:\users\cuijy2\desktop\c#\程序\logdll\logdll\logmethod.c(681): warning C4996: 'strncpy': This function or variable may be unsafe. Consider using strncpy_s instead. To disable deprecation, use _CRT_SECURE_NO_WARNINGS. See online help for details.
                 d:\program files (x86)\microsoft visual studio 12.0\vc\include\string.h(195) : 参见“strncpy”的声明
     1>c:\users\cuijy2\desktop\c#\程序\logdll\logdll\logmethod.c(704): warning C4996: 'strncpy': This function or variable may be unsafe. Consider using strncpy_s instead. To disable deprecation, use _CRT_SECURE_NO_WARNINGS. See online help for details.
                 d:\program files (x86)\microsoft visual studio 12.0\vc\include\string.h(195) : 参见“strncpy”的声明
     1>c:\users\cuijy2\desktop\c#\程序\logdll\logdll\logmethod.c(756): warning C4996: 'strncpy': This function or variable may be unsafe. Consider using strncpy_s instead. To disable deprecation, use _CRT_SECURE_NO_WARNINGS. See online help for details.
                 d:\program files (x86)\microsoft visual studio 12.0\vc\include\string.h(195) : 参见“strncpy”的声明
     1>c:\users\cuijy2\desktop\c#\程序\logdll\logdll\logmethod.c(771): warning C4996: 'strncpy': This function or variable may be unsafe. Consider using strncpy_s instead. To disable deprecation, use _CRT_SECURE_NO_WARNINGS. See online help for details.
                 d:\program files (x86)\microsoft visual studio 12.0\vc\include\string.h(195) : 参见“strncpy”的声明
     1>c:\users\cuijy2\desktop\c#\程序\logdll\logdll\logmethod.c(811): warning C4996: 'strncpy': This function or variable may be unsafe. Consider using strncpy_s instead. To disable deprecation, use _CRT_SECURE_NO_WARNINGS. See online help for details.
                 d:\program files (x86)\microsoft visual studio 12.0\vc\include\string.h(195) : 参见“strncpy”的声明
     1>c:\users\cuijy2\desktop\c#\程序\logdll\logdll\logmethod.c(826): warning C4996: 'strncpy': This function or variable may be unsafe. Consider using strncpy_s instead. To disable deprecation, use _CRT_SECURE_NO_WARNINGS. See online help for details.
                 d:\program files (x86)\microsoft visual studio 12.0\vc\include\string.h(195) : 参见“strncpy”的声明
     1>c:\users\cuijy2\desktop\c#\程序\logdll\logdll\logmethod.c(865): warning C4996: 'strncpy': This function or variable may be unsafe. Consider using strncpy_s instead. To disable deprecation, use _CRT_SECURE_NO_WARNINGS. See online help for details.
                 d:\program files (x86)\microsoft visual studio 12.0\vc\include\string.h(195) : 参见“strncpy”的声明
     1>c:\users\cuijy2\desktop\c#\程序\logdll\logdll\logmethod.c(880): warning C4996: 'strncpy': This function or variable may be unsafe. Consider using strncpy_s instead. To disable deprecation, use _CRT_SECURE_NO_WARNINGS. See online help for details.
                 d:\program files (x86)\microsoft visual studio 12.0\vc\include\string.h(195) : 参见“strncpy”的声明
         logDll.cpp
     1>c:\users\cuijy2\desktop\c#\程序\logdll\logdll\logdll.cpp(114): warning C4102: “filefail”: 未引用的标签
         正在生成代码...
       Link:
         D:\Program Files (x86)\Microsoft Visual Studio 12.0\VC\bin\link.exe /ERRORREPORT:PROMPT /OUT:"C:\Users\cuijy2\Desktop\C#\程序\logDll\Debug\logDll.dll" /INCREMENTAL /NOLOGO /MANIFEST /MANIFESTUAC:"level='asInvoker' uiAccess='false'" /manifest:embed /manifestinput:"D:\Program Files (x86)\Microsoft Visual Studio 12.0\VC\Include\Manifest\dpiaware.manifest" /DEBUG /PDB:"C:\Users\cuijy2\Desktop\C#\程序\logDll\Debug\logDll.pdb" /SUBSYSTEM:CONSOLE /TLBID:1 /DYNAMICBASE /NXCOMPAT /IMPLIB:"C:\Users\cuijy2\Desktop\C#\程序\logDll\Debug\logDll.lib" /MACHINE:X86 /DLL Debug\dllmain.obj
         Debug\logDll.obj
         Debug\logMethod.obj
         Debug\stdafx.obj
            正在创建库 C:\Users\cuijy2\Desktop\C#\程序\logDll\Debug\logDll.lib 和对象 C:\Users\cuijy2\Desktop\C#\程序\logDll\Debug\logDll.exp
         logDll.vcxproj -> C:\Users\cuijy2\Desktop\C#\程序\logDll\Debug\logDll.dll
     1>已完成生成项目“C:\Users\cuijy2\Desktop\C#\程序\logDll\logDll\logDll.vcxproj”(Rebuild 个目标)的操作。

生成成功。

已用时间 00:00:01.56
